mode: set
github.com/TCC-Conjunto-de-Aplicacoes-Medicinais/sistema_centralizador_de_dados_clinicos_back/services/users/core/http/middleware.go:15.92,16.30 1 1
github.com/TCC-Conjunto-de-Aplicacoes-Medicinais/sistema_centralizador_de_dados_clinicos_back/services/users/core/http/middleware.go:16.30,18.21 2 1
github.com/TCC-Conjunto-de-Aplicacoes-Medicinais/sistema_centralizador_de_dados_clinicos_back/services/users/core/http/middleware.go:18.21,29.4 4 0
github.com/TCC-Conjunto-de-Aplicacoes-Medicinais/sistema_centralizador_de_dados_clinicos_back/services/users/core/http/middleware.go:32.3,38.60 4 1
github.com/TCC-Conjunto-de-Aplicacoes-Medicinais/sistema_centralizador_de_dados_clinicos_back/services/users/core/http/middleware.go:38.60,49.4 4 0
github.com/TCC-Conjunto-de-Aplicacoes-Medicinais/sistema_centralizador_de_dados_clinicos_back/services/users/core/http/middleware.go:51.3,51.11 1 1
github.com/TCC-Conjunto-de-Aplicacoes-Medicinais/sistema_centralizador_de_dados_clinicos_back/services/users/core/http/middleware.go:57.68,58.30 1 1
github.com/TCC-Conjunto-de-Aplicacoes-Medicinais/sistema_centralizador_de_dados_clinicos_back/services/users/core/http/middleware.go:58.30,61.17 3 1
github.com/TCC-Conjunto-de-Aplicacoes-Medicinais/sistema_centralizador_de_dados_clinicos_back/services/users/core/http/middleware.go:61.17,72.4 4 1
github.com/TCC-Conjunto-de-Aplicacoes-Medicinais/sistema_centralizador_de_dados_clinicos_back/services/users/core/http/middleware.go:75.3,75.16 1 1
github.com/TCC-Conjunto-de-Aplicacoes-Medicinais/sistema_centralizador_de_dados_clinicos_back/services/users/core/http/middleware.go:75.16,77.106 2 0
github.com/TCC-Conjunto-de-Aplicacoes-Medicinais/sistema_centralizador_de_dados_clinicos_back/services/users/core/http/middleware.go:77.106,80.5 2 0
github.com/TCC-Conjunto-de-Aplicacoes-Medicinais/sistema_centralizador_de_dados_clinicos_back/services/users/core/http/middleware.go:84.3,89.11 6 1
github.com/TCC-Conjunto-de-Aplicacoes-Medicinais/sistema_centralizador_de_dados_clinicos_back/services/users/core/http/user_handler.go:30.16,39.2 1 1
github.com/TCC-Conjunto-de-Aplicacoes-Medicinais/sistema_centralizador_de_dados_clinicos_back/services/users/core/http/user_handler.go:51.46,52.28 1 1
github.com/TCC-Conjunto-de-Aplicacoes-Medicinais/sistema_centralizador_de_dados_clinicos_back/services/users/core/http/user_handler.go:52.28,55.3 2 1
github.com/TCC-Conjunto-de-Aplicacoes-Medicinais/sistema_centralizador_de_dados_clinicos_back/services/users/core/http/user_handler.go:56.2,58.47 2 1
github.com/TCC-Conjunto-de-Aplicacoes-Medicinais/sistema_centralizador_de_dados_clinicos_back/services/users/core/http/user_handler.go:58.47,68.3 3 1
github.com/TCC-Conjunto-de-Aplicacoes-Medicinais/sistema_centralizador_de_dados_clinicos_back/services/users/core/http/user_handler.go:70.2,70.52 1 0
github.com/TCC-Conjunto-de-Aplicacoes-Medicinais/sistema_centralizador_de_dados_clinicos_back/services/users/core/http/user_handler.go:70.52,80.3 3 0
github.com/TCC-Conjunto-de-Aplicacoes-Medicinais/sistema_centralizador_de_dados_clinicos_back/services/users/core/http/user_handler.go:82.2,89.82 2 0
github.com/TCC-Conjunto-de-Aplicacoes-Medicinais/sistema_centralizador_de_dados_clinicos_back/services/users/core/http/user_handler.go:104.45,105.27 1 1
github.com/TCC-Conjunto-de-Aplicacoes-Medicinais/sistema_centralizador_de_dados_clinicos_back/services/users/core/http/user_handler.go:105.27,108.3 2 1
github.com/TCC-Conjunto-de-Aplicacoes-Medicinais/sistema_centralizador_de_dados_clinicos_back/services/users/core/http/user_handler.go:110.2,111.47 2 1
github.com/TCC-Conjunto-de-Aplicacoes-Medicinais/sistema_centralizador_de_dados_clinicos_back/services/users/core/http/user_handler.go:111.47,121.3 3 1
github.com/TCC-Conjunto-de-Aplicacoes-Medicinais/sistema_centralizador_de_dados_clinicos_back/services/users/core/http/user_handler.go:123.2,124.16 2 0
github.com/TCC-Conjunto-de-Aplicacoes-Medicinais/sistema_centralizador_de_dados_clinicos_back/services/users/core/http/user_handler.go:124.16,134.81 3 0
github.com/TCC-Conjunto-de-Aplicacoes-Medicinais/sistema_centralizador_de_dados_clinicos_back/services/users/core/http/user_handler.go:134.81,137.4 2 0
github.com/TCC-Conjunto-de-Aplicacoes-Medicinais/sistema_centralizador_de_dados_clinicos_back/services/users/core/http/user_handler.go:138.3,139.9 2 0
github.com/TCC-Conjunto-de-Aplicacoes-Medicinais/sistema_centralizador_de_dados_clinicos_back/services/users/core/http/user_handler.go:143.2,145.19 3 0
github.com/TCC-Conjunto-de-Aplicacoes-Medicinais/sistema_centralizador_de_dados_clinicos_back/services/users/core/http/user_handler.go:145.19,147.3 1 0
github.com/TCC-Conjunto-de-Aplicacoes-Medicinais/sistema_centralizador_de_dados_clinicos_back/services/users/core/http/user_handler.go:149.2,157.29 2 0
github.com/TCC-Conjunto-de-Aplicacoes-Medicinais/sistema_centralizador_de_dados_clinicos_back/services/users/core/http/user_handler.go:172.47,173.27 1 1
github.com/TCC-Conjunto-de-Aplicacoes-Medicinais/sistema_centralizador_de_dados_clinicos_back/services/users/core/http/user_handler.go:173.27,176.3 2 1
github.com/TCC-Conjunto-de-Aplicacoes-Medicinais/sistema_centralizador_de_dados_clinicos_back/services/users/core/http/user_handler.go:178.2,179.47 2 1
github.com/TCC-Conjunto-de-Aplicacoes-Medicinais/sistema_centralizador_de_dados_clinicos_back/services/users/core/http/user_handler.go:179.47,189.3 3 1
github.com/TCC-Conjunto-de-Aplicacoes-Medicinais/sistema_centralizador_de_dados_clinicos_back/services/users/core/http/user_handler.go:191.2,192.16 2 0
github.com/TCC-Conjunto-de-Aplicacoes-Medicinais/sistema_centralizador_de_dados_clinicos_back/services/users/core/http/user_handler.go:192.16,202.80 3 0
github.com/TCC-Conjunto-de-Aplicacoes-Medicinais/sistema_centralizador_de_dados_clinicos_back/services/users/core/http/user_handler.go:202.80,205.4 2 0
github.com/TCC-Conjunto-de-Aplicacoes-Medicinais/sistema_centralizador_de_dados_clinicos_back/services/users/core/http/user_handler.go:206.3,207.9 2 0
github.com/TCC-Conjunto-de-Aplicacoes-Medicinais/sistema_centralizador_de_dados_clinicos_back/services/users/core/http/user_handler.go:210.2,217.29 2 0
github.com/TCC-Conjunto-de-Aplicacoes-Medicinais/sistema_centralizador_de_dados_clinicos_back/services/users/core/http/user_handler.go:233.50,234.32 1 1
github.com/TCC-Conjunto-de-Aplicacoes-Medicinais/sistema_centralizador_de_dados_clinicos_back/services/users/core/http/user_handler.go:234.32,237.3 2 1
github.com/TCC-Conjunto-de-Aplicacoes-Medicinais/sistema_centralizador_de_dados_clinicos_back/services/users/core/http/user_handler.go:239.2,242.47 3 1
github.com/TCC-Conjunto-de-Aplicacoes-Medicinais/sistema_centralizador_de_dados_clinicos_back/services/users/core/http/user_handler.go:242.47,252.3 3 1
github.com/TCC-Conjunto-de-Aplicacoes-Medicinais/sistema_centralizador_de_dados_clinicos_back/services/users/core/http/user_handler.go:254.2,254.64 1 0
github.com/TCC-Conjunto-de-Aplicacoes-Medicinais/sistema_centralizador_de_dados_clinicos_back/services/users/core/http/user_handler.go:254.64,264.109 3 0
github.com/TCC-Conjunto-de-Aplicacoes-Medicinais/sistema_centralizador_de_dados_clinicos_back/services/users/core/http/user_handler.go:264.109,267.4 2 0
github.com/TCC-Conjunto-de-Aplicacoes-Medicinais/sistema_centralizador_de_dados_clinicos_back/services/users/core/http/user_handler.go:269.3,270.9 2 0
github.com/TCC-Conjunto-de-Aplicacoes-Medicinais/sistema_centralizador_de_dados_clinicos_back/services/users/core/http/user_handler.go:273.2,281.74 2 0
github.com/TCC-Conjunto-de-Aplicacoes-Medicinais/sistema_centralizador_de_dados_clinicos_back/services/users/core/http/user_handler.go:294.54,295.29 1 1
github.com/TCC-Conjunto-de-Aplicacoes-Medicinais/sistema_centralizador_de_dados_clinicos_back/services/users/core/http/user_handler.go:295.29,298.3 2 1
github.com/TCC-Conjunto-de-Aplicacoes-Medicinais/sistema_centralizador_de_dados_clinicos_back/services/users/core/http/user_handler.go:299.2,300.14 2 1
github.com/TCC-Conjunto-de-Aplicacoes-Medicinais/sistema_centralizador_de_dados_clinicos_back/services/users/core/http/user_handler.go:300.14,303.3 2 1
github.com/TCC-Conjunto-de-Aplicacoes-Medicinais/sistema_centralizador_de_dados_clinicos_back/services/users/core/http/user_handler.go:305.2,306.16 2 1
github.com/TCC-Conjunto-de-Aplicacoes-Medicinais/sistema_centralizador_de_dados_clinicos_back/services/users/core/http/user_handler.go:306.16,316.3 3 1
github.com/TCC-Conjunto-de-Aplicacoes-Medicinais/sistema_centralizador_de_dados_clinicos_back/services/users/core/http/user_handler.go:318.2,326.32 2 1
github.com/TCC-Conjunto-de-Aplicacoes-Medicinais/sistema_centralizador_de_dados_clinicos_back/services/users/core/http/user_handler.go:339.55,340.33 1 1
github.com/TCC-Conjunto-de-Aplicacoes-Medicinais/sistema_centralizador_de_dados_clinicos_back/services/users/core/http/user_handler.go:340.33,343.3 2 1
github.com/TCC-Conjunto-de-Aplicacoes-Medicinais/sistema_centralizador_de_dados_clinicos_back/services/users/core/http/user_handler.go:344.2,345.14 2 0
github.com/TCC-Conjunto-de-Aplicacoes-Medicinais/sistema_centralizador_de_dados_clinicos_back/services/users/core/http/user_handler.go:345.14,348.3 2 0
github.com/TCC-Conjunto-de-Aplicacoes-Medicinais/sistema_centralizador_de_dados_clinicos_back/services/users/core/http/user_handler.go:350.2,350.71 1 0
github.com/TCC-Conjunto-de-Aplicacoes-Medicinais/sistema_centralizador_de_dados_clinicos_back/services/users/core/http/user_handler.go:350.71,360.3 3 0
github.com/TCC-Conjunto-de-Aplicacoes-Medicinais/sistema_centralizador_de_dados_clinicos_back/services/users/core/http/user_handler.go:362.2,370.94 2 0
github.com/TCC-Conjunto-de-Aplicacoes-Medicinais/sistema_centralizador_de_dados_clinicos_back/services/users/core/http/user_handler.go:390.50,391.33 1 1
github.com/TCC-Conjunto-de-Aplicacoes-Medicinais/sistema_centralizador_de_dados_clinicos_back/services/users/core/http/user_handler.go:391.33,394.3 2 1
github.com/TCC-Conjunto-de-Aplicacoes-Medicinais/sistema_centralizador_de_dados_clinicos_back/services/users/core/http/user_handler.go:395.2,396.14 2 0
github.com/TCC-Conjunto-de-Aplicacoes-Medicinais/sistema_centralizador_de_dados_clinicos_back/services/users/core/http/user_handler.go:396.14,399.3 2 0
github.com/TCC-Conjunto-de-Aplicacoes-Medicinais/sistema_centralizador_de_dados_clinicos_back/services/users/core/http/user_handler.go:401.2,402.47 2 0
github.com/TCC-Conjunto-de-Aplicacoes-Medicinais/sistema_centralizador_de_dados_clinicos_back/services/users/core/http/user_handler.go:402.47,412.3 3 0
github.com/TCC-Conjunto-de-Aplicacoes-Medicinais/sistema_centralizador_de_dados_clinicos_back/services/users/core/http/user_handler.go:414.2,414.70 1 0
github.com/TCC-Conjunto-de-Aplicacoes-Medicinais/sistema_centralizador_de_dados_clinicos_back/services/users/core/http/user_handler.go:414.70,424.3 3 0
github.com/TCC-Conjunto-de-Aplicacoes-Medicinais/sistema_centralizador_de_dados_clinicos_back/services/users/core/http/user_handler.go:426.2,434.74 2 0
github.com/TCC-Conjunto-de-Aplicacoes-Medicinais/sistema_centralizador_de_dados_clinicos_back/services/users/core/http/user_handler.go:450.49,452.14 2 1
github.com/TCC-Conjunto-de-Aplicacoes-Medicinais/sistema_centralizador_de_dados_clinicos_back/services/users/core/http/user_handler.go:452.14,455.3 2 1
github.com/TCC-Conjunto-de-Aplicacoes-Medicinais/sistema_centralizador_de_dados_clinicos_back/services/users/core/http/user_handler.go:457.2,458.47 2 1
github.com/TCC-Conjunto-de-Aplicacoes-Medicinais/sistema_centralizador_de_dados_clinicos_back/services/users/core/http/user_handler.go:458.47,468.3 3 1
github.com/TCC-Conjunto-de-Aplicacoes-Medicinais/sistema_centralizador_de_dados_clinicos_back/services/users/core/http/user_handler.go:471.2,480.16 2 1
github.com/TCC-Conjunto-de-Aplicacoes-Medicinais/sistema_centralizador_de_dados_clinicos_back/services/users/core/http/user_handler.go:480.16,483.3 2 0
github.com/TCC-Conjunto-de-Aplicacoes-Medicinais/sistema_centralizador_de_dados_clinicos_back/services/users/core/http/user_handler.go:485.2,485.77 1 1
