mode: set
github.com/TCC-Conjunto-de-Aplicacoes-Medicinais/sistema_centralizador_de_dados_clinicos_back/services/users/core/http/user_handler.go:27.16,35.2 1 1
github.com/TCC-Conjunto-de-Aplicacoes-Medicinais/sistema_centralizador_de_dados_clinicos_back/services/users/core/http/user_handler.go:47.46,48.28 1 1
github.com/TCC-Conjunto-de-Aplicacoes-Medicinais/sistema_centralizador_de_dados_clinicos_back/services/users/core/http/user_handler.go:48.28,51.3 2 1
github.com/TCC-Conjunto-de-Aplicacoes-Medicinais/sistema_centralizador_de_dados_clinicos_back/services/users/core/http/user_handler.go:52.2,54.47 2 1
github.com/TCC-Conjunto-de-Aplicacoes-Medicinais/sistema_centralizador_de_dados_clinicos_back/services/users/core/http/user_handler.go:54.47,64.3 3 1
github.com/TCC-Conjunto-de-Aplicacoes-Medicinais/sistema_centralizador_de_dados_clinicos_back/services/users/core/http/user_handler.go:66.2,66.52 1 0
github.com/TCC-Conjunto-de-Aplicacoes-Medicinais/sistema_centralizador_de_dados_clinicos_back/services/users/core/http/user_handler.go:66.52,76.3 3 0
github.com/TCC-Conjunto-de-Aplicacoes-Medicinais/sistema_centralizador_de_dados_clinicos_back/services/users/core/http/user_handler.go:78.2,85.82 2 0
github.com/TCC-Conjunto-de-Aplicacoes-Medicinais/sistema_centralizador_de_dados_clinicos_back/services/users/core/http/user_handler.go:100.45,101.27 1 1
github.com/TCC-Conjunto-de-Aplicacoes-Medicinais/sistema_centralizador_de_dados_clinicos_back/services/users/core/http/user_handler.go:101.27,104.3 2 1
github.com/TCC-Conjunto-de-Aplicacoes-Medicinais/sistema_centralizador_de_dados_clinicos_back/services/users/core/http/user_handler.go:105.2,108.47 3 1
github.com/TCC-Conjunto-de-Aplicacoes-Medicinais/sistema_centralizador_de_dados_clinicos_back/services/users/core/http/user_handler.go:108.47,118.3 3 1
github.com/TCC-Conjunto-de-Aplicacoes-Medicinais/sistema_centralizador_de_dados_clinicos_back/services/users/core/http/user_handler.go:120.2,121.16 2 0
github.com/TCC-Conjunto-de-Aplicacoes-Medicinais/sistema_centralizador_de_dados_clinicos_back/services/users/core/http/user_handler.go:121.16,131.81 3 0
github.com/TCC-Conjunto-de-Aplicacoes-Medicinais/sistema_centralizador_de_dados_clinicos_back/services/users/core/http/user_handler.go:131.81,134.4 2 0
github.com/TCC-Conjunto-de-Aplicacoes-Medicinais/sistema_centralizador_de_dados_clinicos_back/services/users/core/http/user_handler.go:135.3,136.9 2 0
github.com/TCC-Conjunto-de-Aplicacoes-Medicinais/sistema_centralizador_de_dados_clinicos_back/services/users/core/http/user_handler.go:139.2,146.29 2 0
github.com/TCC-Conjunto-de-Aplicacoes-Medicinais/sistema_centralizador_de_dados_clinicos_back/services/users/core/http/user_handler.go:161.47,162.27 1 1
github.com/TCC-Conjunto-de-Aplicacoes-Medicinais/sistema_centralizador_de_dados_clinicos_back/services/users/core/http/user_handler.go:162.27,165.3 2 1
github.com/TCC-Conjunto-de-Aplicacoes-Medicinais/sistema_centralizador_de_dados_clinicos_back/services/users/core/http/user_handler.go:166.2,169.47 3 1
github.com/TCC-Conjunto-de-Aplicacoes-Medicinais/sistema_centralizador_de_dados_clinicos_back/services/users/core/http/user_handler.go:169.47,179.3 3 1
github.com/TCC-Conjunto-de-Aplicacoes-Medicinais/sistema_centralizador_de_dados_clinicos_back/services/users/core/http/user_handler.go:181.2,182.16 2 0
github.com/TCC-Conjunto-de-Aplicacoes-Medicinais/sistema_centralizador_de_dados_clinicos_back/services/users/core/http/user_handler.go:182.16,192.80 3 0
github.com/TCC-Conjunto-de-Aplicacoes-Medicinais/sistema_centralizador_de_dados_clinicos_back/services/users/core/http/user_handler.go:192.80,195.4 2 0
github.com/TCC-Conjunto-de-Aplicacoes-Medicinais/sistema_centralizador_de_dados_clinicos_back/services/users/core/http/user_handler.go:196.3,197.9 2 0
github.com/TCC-Conjunto-de-Aplicacoes-Medicinais/sistema_centralizador_de_dados_clinicos_back/services/users/core/http/user_handler.go:200.2,207.29 2 0
github.com/TCC-Conjunto-de-Aplicacoes-Medicinais/sistema_centralizador_de_dados_clinicos_back/services/users/core/http/user_handler.go:221.50,222.32 1 1
github.com/TCC-Conjunto-de-Aplicacoes-Medicinais/sistema_centralizador_de_dados_clinicos_back/services/users/core/http/user_handler.go:222.32,225.3 2 1
github.com/TCC-Conjunto-de-Aplicacoes-Medicinais/sistema_centralizador_de_dados_clinicos_back/services/users/core/http/user_handler.go:226.2,229.47 3 1
github.com/TCC-Conjunto-de-Aplicacoes-Medicinais/sistema_centralizador_de_dados_clinicos_back/services/users/core/http/user_handler.go:229.47,239.3 3 1
github.com/TCC-Conjunto-de-Aplicacoes-Medicinais/sistema_centralizador_de_dados_clinicos_back/services/users/core/http/user_handler.go:241.2,241.64 1 0
github.com/TCC-Conjunto-de-Aplicacoes-Medicinais/sistema_centralizador_de_dados_clinicos_back/services/users/core/http/user_handler.go:241.64,251.3 3 0
github.com/TCC-Conjunto-de-Aplicacoes-Medicinais/sistema_centralizador_de_dados_clinicos_back/services/users/core/http/user_handler.go:253.2,260.74 2 0
github.com/TCC-Conjunto-de-Aplicacoes-Medicinais/sistema_centralizador_de_dados_clinicos_back/services/users/core/http/user_handler.go:272.55,273.33 1 1
github.com/TCC-Conjunto-de-Aplicacoes-Medicinais/sistema_centralizador_de_dados_clinicos_back/services/users/core/http/user_handler.go:273.33,276.3 2 1
github.com/TCC-Conjunto-de-Aplicacoes-Medicinais/sistema_centralizador_de_dados_clinicos_back/services/users/core/http/user_handler.go:277.2,279.71 2 0
github.com/TCC-Conjunto-de-Aplicacoes-Medicinais/sistema_centralizador_de_dados_clinicos_back/services/users/core/http/user_handler.go:279.71,289.3 3 0
github.com/TCC-Conjunto-de-Aplicacoes-Medicinais/sistema_centralizador_de_dados_clinicos_back/services/users/core/http/user_handler.go:291.2,298.94 2 0
github.com/TCC-Conjunto-de-Aplicacoes-Medicinais/sistema_centralizador_de_dados_clinicos_back/shared/dpop/replay.go:20.53,24.2 3 1
github.com/TCC-Conjunto-de-Aplicacoes-Medicinais/sistema_centralizador_de_dados_clinicos_back/shared/dpop/replay.go:28.56,33.12 4 1
github.com/TCC-Conjunto-de-Aplicacoes-Medicinais/sistema_centralizador_de_dados_clinicos_back/shared/dpop/replay.go:33.12,35.36 2 1
github.com/TCC-Conjunto-de-Aplicacoes-Medicinais/sistema_centralizador_de_dados_clinicos_back/shared/dpop/replay.go:35.36,37.4 1 1
github.com/TCC-Conjunto-de-Aplicacoes-Medicinais/sistema_centralizador_de_dados_clinicos_back/shared/dpop/replay.go:39.3,39.29 1 0
github.com/TCC-Conjunto-de-Aplicacoes-Medicinais/sistema_centralizador_de_dados_clinicos_back/shared/dpop/replay.go:41.2,41.12 1 1
github.com/TCC-Conjunto-de-Aplicacoes-Medicinais/sistema_centralizador_de_dados_clinicos_back/shared/dpop/replay.go:44.32,47.21 3 1
github.com/TCC-Conjunto-de-Aplicacoes-Medicinais/sistema_centralizador_de_dados_clinicos_back/shared/dpop/replay.go:47.21,49.43 2 1
github.com/TCC-Conjunto-de-Aplicacoes-Medicinais/sistema_centralizador_de_dados_clinicos_back/shared/dpop/replay.go:49.43,50.43 1 1
github.com/TCC-Conjunto-de-Aplicacoes-Medicinais/sistema_centralizador_de_dados_clinicos_back/shared/dpop/replay.go:50.43,52.5 1 1
github.com/TCC-Conjunto-de-Aplicacoes-Medicinais/sistema_centralizador_de_dados_clinicos_back/shared/dpop/replay.go:53.4,53.15 1 1
github.com/TCC-Conjunto-de-Aplicacoes-Medicinais/sistema_centralizador_de_dados_clinicos_back/shared/dpop/validator.go:42.82,44.21 2 1
github.com/TCC-Conjunto-de-Aplicacoes-Medicinais/sistema_centralizador_de_dados_clinicos_back/shared/dpop/validator.go:44.21,46.3 1 1
github.com/TCC-Conjunto-de-Aplicacoes-Medicinais/sistema_centralizador_de_dados_clinicos_back/shared/dpop/validator.go:48.2,49.16 2 1
github.com/TCC-Conjunto-de-Aplicacoes-Medicinais/sistema_centralizador_de_dados_clinicos_back/shared/dpop/validator.go:49.16,51.3 1 0
github.com/TCC-Conjunto-de-Aplicacoes-Medicinais/sistema_centralizador_de_dados_clinicos_back/shared/dpop/validator.go:53.2,54.58 2 1
github.com/TCC-Conjunto-de-Aplicacoes-Medicinais/sistema_centralizador_de_dados_clinicos_back/shared/dpop/validator.go:54.58,56.3 1 0
github.com/TCC-Conjunto-de-Aplicacoes-Medicinais/sistema_centralizador_de_dados_clinicos_back/shared/dpop/validator.go:58.2,58.27 1 1
github.com/TCC-Conjunto-de-Aplicacoes-Medicinais/sistema_centralizador_de_dados_clinicos_back/shared/dpop/validator.go:58.27,60.3 1 1
github.com/TCC-Conjunto-de-Aplicacoes-Medicinais/sistema_centralizador_de_dados_clinicos_back/shared/dpop/validator.go:61.2,61.46 1 1
github.com/TCC-Conjunto-de-Aplicacoes-Medicinais/sistema_centralizador_de_dados_clinicos_back/shared/dpop/validator.go:61.46,63.3 1 1
github.com/TCC-Conjunto-de-Aplicacoes-Medicinais/sistema_centralizador_de_dados_clinicos_back/shared/dpop/validator.go:64.2,64.20 1 1
github.com/TCC-Conjunto-de-Aplicacoes-Medicinais/sistema_centralizador_de_dados_clinicos_back/shared/dpop/validator.go:64.20,66.3 1 1
github.com/TCC-Conjunto-de-Aplicacoes-Medicinais/sistema_centralizador_de_dados_clinicos_back/shared/dpop/validator.go:68.2,69.54 2 1
github.com/TCC-Conjunto-de-Aplicacoes-Medicinais/sistema_centralizador_de_dados_clinicos_back/shared/dpop/validator.go:69.54,71.3 1 0
github.com/TCC-Conjunto-de-Aplicacoes-Medicinais/sistema_centralizador_de_dados_clinicos_back/shared/dpop/validator.go:73.2,74.17 2 1
github.com/TCC-Conjunto-de-Aplicacoes-Medicinais/sistema_centralizador_de_dados_clinicos_back/shared/dpop/validator.go:75.12,76.32 1 1
github.com/TCC-Conjunto-de-Aplicacoes-Medicinais/sistema_centralizador_de_dados_clinicos_back/shared/dpop/validator.go:77.13,78.33 1 0
github.com/TCC-Conjunto-de-Aplicacoes-Medicinais/sistema_centralizador_de_dados_clinicos_back/shared/dpop/validator.go:79.10,80.59 1 0
github.com/TCC-Conjunto-de-Aplicacoes-Medicinais/sistema_centralizador_de_dados_clinicos_back/shared/dpop/validator.go:82.2,82.16 1 1
github.com/TCC-Conjunto-de-Aplicacoes-Medicinais/sistema_centralizador_de_dados_clinicos_back/shared/dpop/validator.go:82.16,84.3 1 0
github.com/TCC-Conjunto-de-Aplicacoes-Medicinais/sistema_centralizador_de_dados_clinicos_back/shared/dpop/validator.go:86.2,87.16 2 1
github.com/TCC-Conjunto-de-Aplicacoes-Medicinais/sistema_centralizador_de_dados_clinicos_back/shared/dpop/validator.go:87.16,89.3 1 0
github.com/TCC-Conjunto-de-Aplicacoes-Medicinais/sistema_centralizador_de_dados_clinicos_back/shared/dpop/validator.go:91.2,92.62 2 1
github.com/TCC-Conjunto-de-Aplicacoes-Medicinais/sistema_centralizador_de_dados_clinicos_back/shared/dpop/validator.go:92.62,94.3 1 0
github.com/TCC-Conjunto-de-Aplicacoes-Medicinais/sistema_centralizador_de_dados_clinicos_back/shared/dpop/validator.go:96.2,96.22 1 1
github.com/TCC-Conjunto-de-Aplicacoes-Medicinais/sistema_centralizador_de_dados_clinicos_back/shared/dpop/validator.go:96.22,98.3 1 1
github.com/TCC-Conjunto-de-Aplicacoes-Medicinais/sistema_centralizador_de_dados_clinicos_back/shared/dpop/validator.go:100.2,100.49 1 1
github.com/TCC-Conjunto-de-Aplicacoes-Medicinais/sistema_centralizador_de_dados_clinicos_back/shared/dpop/validator.go:100.49,102.3 1 1
github.com/TCC-Conjunto-de-Aplicacoes-Medicinais/sistema_centralizador_de_dados_clinicos_back/shared/dpop/validator.go:105.2,107.24 3 1
github.com/TCC-Conjunto-de-Aplicacoes-Medicinais/sistema_centralizador_de_dados_clinicos_back/shared/dpop/validator.go:107.24,109.3 1 1
github.com/TCC-Conjunto-de-Aplicacoes-Medicinais/sistema_centralizador_de_dados_clinicos_back/shared/dpop/validator.go:111.2,113.14 3 1
github.com/TCC-Conjunto-de-Aplicacoes-Medicinais/sistema_centralizador_de_dados_clinicos_back/shared/dpop/validator.go:113.14,115.3 1 1
github.com/TCC-Conjunto-de-Aplicacoes-Medicinais/sistema_centralizador_de_dados_clinicos_back/shared/dpop/validator.go:116.2,116.15 1 1
github.com/TCC-Conjunto-de-Aplicacoes-Medicinais/sistema_centralizador_de_dados_clinicos_back/shared/dpop/validator.go:116.15,118.3 1 1
github.com/TCC-Conjunto-de-Aplicacoes-Medicinais/sistema_centralizador_de_dados_clinicos_back/shared/dpop/validator.go:120.2,121.16 2 1
github.com/TCC-Conjunto-de-Aplicacoes-Medicinais/sistema_centralizador_de_dados_clinicos_back/shared/dpop/validator.go:121.16,123.3 1 0
github.com/TCC-Conjunto-de-Aplicacoes-Medicinais/sistema_centralizador_de_dados_clinicos_back/shared/dpop/validator.go:125.2,126.81 2 1
github.com/TCC-Conjunto-de-Aplicacoes-Medicinais/sistema_centralizador_de_dados_clinicos_back/shared/dpop/validator.go:126.81,128.3 1 0
github.com/TCC-Conjunto-de-Aplicacoes-Medicinais/sistema_centralizador_de_dados_clinicos_back/shared/dpop/validator.go:130.2,130.24 1 1
github.com/TCC-Conjunto-de-Aplicacoes-Medicinais/sistema_centralizador_de_dados_clinicos_back/shared/dpop/validator.go:133.55,134.24 1 1
github.com/TCC-Conjunto-de-Aplicacoes-Medicinais/sistema_centralizador_de_dados_clinicos_back/shared/dpop/validator.go:134.24,136.3 1 0
github.com/TCC-Conjunto-de-Aplicacoes-Medicinais/sistema_centralizador_de_dados_clinicos_back/shared/dpop/validator.go:138.2,139.16 2 1
github.com/TCC-Conjunto-de-Aplicacoes-Medicinais/sistema_centralizador_de_dados_clinicos_back/shared/dpop/validator.go:139.16,141.3 1 0
github.com/TCC-Conjunto-de-Aplicacoes-Medicinais/sistema_centralizador_de_dados_clinicos_back/shared/dpop/validator.go:142.2,143.16 2 1
github.com/TCC-Conjunto-de-Aplicacoes-Medicinais/sistema_centralizador_de_dados_clinicos_back/shared/dpop/validator.go:143.16,145.3 1 0
github.com/TCC-Conjunto-de-Aplicacoes-Medicinais/sistema_centralizador_de_dados_clinicos_back/shared/dpop/validator.go:147.2,154.36 3 1
github.com/TCC-Conjunto-de-Aplicacoes-Medicinais/sistema_centralizador_de_dados_clinicos_back/shared/dpop/validator.go:154.36,156.3 1 0
github.com/TCC-Conjunto-de-Aplicacoes-Medicinais/sistema_centralizador_de_dados_clinicos_back/shared/dpop/validator.go:158.2,158.17 1 1
github.com/TCC-Conjunto-de-Aplicacoes-Medicinais/sistema_centralizador_de_dados_clinicos_back/shared/dpop/validator.go:161.54,163.16 2 0
github.com/TCC-Conjunto-de-Aplicacoes-Medicinais/sistema_centralizador_de_dados_clinicos_back/shared/dpop/validator.go:163.16,165.3 1 0
github.com/TCC-Conjunto-de-Aplicacoes-Medicinais/sistema_centralizador_de_dados_clinicos_back/shared/dpop/validator.go:166.2,167.16 2 0
github.com/TCC-Conjunto-de-Aplicacoes-Medicinais/sistema_centralizador_de_dados_clinicos_back/shared/dpop/validator.go:167.16,169.3 1 0
github.com/TCC-Conjunto-de-Aplicacoes-Medicinais/sistema_centralizador_de_dados_clinicos_back/shared/dpop/validator.go:171.2,172.15 2 0
github.com/TCC-Conjunto-de-Aplicacoes-Medicinais/sistema_centralizador_de_dados_clinicos_back/shared/dpop/validator.go:172.15,174.3 1 0
github.com/TCC-Conjunto-de-Aplicacoes-Medicinais/sistema_centralizador_de_dados_clinicos_back/shared/dpop/validator.go:176.2,181.27 2 0
github.com/TCC-Conjunto-de-Aplicacoes-Medicinais/sistema_centralizador_de_dados_clinicos_back/shared/dpop/validator.go:181.27,183.3 1 0
github.com/TCC-Conjunto-de-Aplicacoes-Medicinais/sistema_centralizador_de_dados_clinicos_back/shared/dpop/validator.go:185.2,185.17 1 0
github.com/TCC-Conjunto-de-Aplicacoes-Medicinais/sistema_centralizador_de_dados_clinicos_back/shared/dpop/validator.go:188.98,193.13 4 1
github.com/TCC-Conjunto-de-Aplicacoes-Medicinais/sistema_centralizador_de_dados_clinicos_back/shared/dpop/validator.go:194.15,196.10 2 1
github.com/TCC-Conjunto-de-Aplicacoes-Medicinais/sistema_centralizador_de_dados_clinicos_back/shared/dpop/validator.go:196.10,198.4 1 0
github.com/TCC-Conjunto-de-Aplicacoes-Medicinais/sistema_centralizador_de_dados_clinicos_back/shared/dpop/validator.go:199.3,199.26 1 1
github.com/TCC-Conjunto-de-Aplicacoes-Medicinais/sistema_centralizador_de_dados_clinicos_back/shared/dpop/validator.go:199.26,201.4 1 0
github.com/TCC-Conjunto-de-Aplicacoes-Medicinais/sistema_centralizador_de_dados_clinicos_back/shared/dpop/validator.go:202.3,204.41 3 1
github.com/TCC-Conjunto-de-Aplicacoes-Medicinais/sistema_centralizador_de_dados_clinicos_back/shared/dpop/validator.go:204.41,206.4 1 0
github.com/TCC-Conjunto-de-Aplicacoes-Medicinais/sistema_centralizador_de_dados_clinicos_back/shared/dpop/validator.go:208.15,210.10 2 0
github.com/TCC-Conjunto-de-Aplicacoes-Medicinais/sistema_centralizador_de_dados_clinicos_back/shared/dpop/validator.go:210.10,212.4 1 0
github.com/TCC-Conjunto-de-Aplicacoes-Medicinais/sistema_centralizador_de_dados_clinicos_back/shared/dpop/validator.go:213.3,213.85 1 0
github.com/TCC-Conjunto-de-Aplicacoes-Medicinais/sistema_centralizador_de_dados_clinicos_back/shared/dpop/validator.go:213.85,215.4 1 0
github.com/TCC-Conjunto-de-Aplicacoes-Medicinais/sistema_centralizador_de_dados_clinicos_back/shared/dpop/validator.go:217.10,218.79 1 0
github.com/TCC-Conjunto-de-Aplicacoes-Medicinais/sistema_centralizador_de_dados_clinicos_back/shared/dpop/validator.go:221.2,221.12 1 1
